2016-07-24 21:06:12.636+0000 INFO  [o.n.k.InternalAbstractGraphDatabase]: No locking implementation specified, defaulting to 'community'
2016-07-24 21:06:14.752+0000 INFO  [o.n.k.i.DiagnosticsManager]: --- INITIALIZED diagnostics START ---
2016-07-24 21:06:14.754+0000 INFO  [o.n.k.i.DiagnosticsManager]: Neo4j Kernel properties:
2016-07-24 21:06:14.758+0000 INFO  [o.n.k.i.DiagnosticsManager]: store_dir=neo.db
2016-07-24 21:06:14.758+0000 INFO  [o.n.k.i.DiagnosticsManager]: ephemeral=false
2016-07-24 21:06:14.760+0000 INFO  [o.n.k.i.DiagnosticsManager]: Diagnostics providers:
2016-07-24 21:06:14.760+0000 INFO  [o.n.k.i.DiagnosticsManager]: org.neo4j.kernel.configuration.Config
2016-07-24 21:06:14.760+0000 INFO  [o.n.k.i.DiagnosticsManager]: org.neo4j.kernel.info.DiagnosticsManager
2016-07-24 21:06:14.760+0000 INFO  [o.n.k.i.DiagnosticsManager]: SYSTEM_MEMORY
2016-07-24 21:06:14.760+0000 INFO  [o.n.k.i.DiagnosticsManager]: JAVA_MEMORY
2016-07-24 21:06:14.760+0000 INFO  [o.n.k.i.DiagnosticsManager]: OPERATING_SYSTEM
2016-07-24 21:06:14.760+0000 INFO  [o.n.k.i.DiagnosticsManager]: JAVA_VIRTUAL_MACHINE
2016-07-24 21:06:14.760+0000 INFO  [o.n.k.i.DiagnosticsManager]: CLASSPATH
2016-07-24 21:06:14.760+0000 INFO  [o.n.k.i.DiagnosticsManager]: LIBRARY_PATH
2016-07-24 21:06:14.760+0000 INFO  [o.n.k.i.DiagnosticsManager]: SYSTEM_PROPERTIES
2016-07-24 21:06:14.760+0000 INFO  [o.n.k.i.DiagnosticsManager]: LINUX_SCHEDULERS
2016-07-24 21:06:14.761+0000 INFO  [o.n.k.i.DiagnosticsManager]: NETWORK
2016-07-24 21:06:14.761+0000 INFO  [o.n.k.i.DiagnosticsManager]: System memory information:
2016-07-24 21:06:14.773+0000 INFO  [o.n.k.i.DiagnosticsManager]: Total Physical memory: 7.80 GB
2016-07-24 21:06:14.773+0000 INFO  [o.n.k.i.DiagnosticsManager]: Free Physical memory: 872.82 MB
2016-07-24 21:06:14.773+0000 INFO  [o.n.k.i.DiagnosticsManager]: Committed virtual memory: 4.31 GB
2016-07-24 21:06:14.774+0000 INFO  [o.n.k.i.DiagnosticsManager]: Total swap space: 11.15 GB
2016-07-24 21:06:14.774+0000 INFO  [o.n.k.i.DiagnosticsManager]: Free swap space: 11.05 GB
2016-07-24 21:06:14.774+0000 INFO  [o.n.k.i.DiagnosticsManager]: JVM memory information:
2016-07-24 21:06:14.775+0000 INFO  [o.n.k.i.DiagnosticsManager]: Free  memory: 85.47 MB
2016-07-24 21:06:14.775+0000 INFO  [o.n.k.i.DiagnosticsManager]: Total memory: 153.00 MB
2016-07-24 21:06:14.775+0000 INFO  [o.n.k.i.DiagnosticsManager]: Max   memory: 1.73 GB
2016-07-24 21:06:14.810+0000 INFO  [o.n.k.i.DiagnosticsManager]: Garbage Collector: PS Scavenge: [PS Eden Space, PS Survivor Space]
2016-07-24 21:06:14.810+0000 INFO  [o.n.k.i.DiagnosticsManager]: Garbage Collector: PS MarkSweep: [PS Eden Space, PS Survivor Space, PS Old Gen]
2016-07-24 21:06:14.812+0000 INFO  [o.n.k.i.DiagnosticsManager]: Memory Pool: Code Cache (Non-heap memory): committed=7.63 MB, used=7.56 MB, max=240.00 MB, threshold=0.00 B
2016-07-24 21:06:14.813+0000 INFO  [o.n.k.i.DiagnosticsManager]: Memory Pool: Metaspace (Non-heap memory): committed=18.25 MB, used=17.67 MB, max=-1.00 B, threshold=0.00 B
2016-07-24 21:06:14.814+0000 INFO  [o.n.k.i.DiagnosticsManager]: Memory Pool: Compressed Class Space (Non-heap memory): committed=2.50 MB, used=2.32 MB, max=1.00 GB, threshold=0.00 B
2016-07-24 21:06:14.814+0000 INFO  [o.n.k.i.DiagnosticsManager]: Memory Pool: PS Eden Space (Heap memory): committed=64.00 MB, used=61.44 MB, max=655.00 MB, threshold=?
2016-07-24 21:06:14.814+0000 INFO  [o.n.k.i.DiagnosticsManager]: Memory Pool: PS Survivor Space (Heap memory): committed=5.00 MB, used=5.00 MB, max=5.00 MB, threshold=?
2016-07-24 21:06:14.815+0000 INFO  [o.n.k.i.DiagnosticsManager]: Memory Pool: PS Old Gen (Heap memory): committed=84.00 MB, used=1.10 MB, max=1.30 GB, threshold=0.00 B
2016-07-24 21:06:14.815+0000 INFO  [o.n.k.i.DiagnosticsManager]: Operating system information:
2016-07-24 21:06:14.815+0000 INFO  [o.n.k.i.DiagnosticsManager]: Operating System: Linux; version: 3.13.0-92-generic; arch: amd64; cpus: 4
2016-07-24 21:06:14.816+0000 INFO  [o.n.k.i.DiagnosticsManager]: Max number of file descriptors: 4096
2016-07-24 21:06:14.817+0000 INFO  [o.n.k.i.DiagnosticsManager]: Number of open file descriptors: 60
2016-07-24 21:06:14.817+0000 INFO  [o.n.k.i.DiagnosticsManager]: Process id: 10115@blue
2016-07-24 21:06:14.817+0000 INFO  [o.n.k.i.DiagnosticsManager]: Byte order: LITTLE_ENDIAN
2016-07-24 21:06:14.817+0000 INFO  [o.n.k.i.DiagnosticsManager]: Local timezone: America/Los_Angeles
2016-07-24 21:06:14.817+0000 INFO  [o.n.k.i.DiagnosticsManager]: JVM information:
2016-07-24 21:06:14.818+0000 INFO  [o.n.k.i.DiagnosticsManager]: VM Name: Java HotSpot(TM) 64-Bit Server VM
2016-07-24 21:06:14.818+0000 INFO  [o.n.k.i.DiagnosticsManager]: VM Vendor: Oracle Corporation
2016-07-24 21:06:14.818+0000 INFO  [o.n.k.i.DiagnosticsManager]: VM Version: 25.91-b14
2016-07-24 21:06:14.832+0000 INFO  [o.n.k.i.DiagnosticsManager]: JIT compiler: HotSpot 64-Bit Tiered Compilers
2016-07-24 21:06:14.832+0000 INFO  [o.n.k.i.DiagnosticsManager]: VM Arguments: []
2016-07-24 21:06:14.832+0000 INFO  [o.n.k.i.DiagnosticsManager]: Java classpath:
2016-07-24 21:06:14.833+0000 INFO  [o.n.k.i.DiagnosticsManager]:  [classpath + loader.0] file:/home/fodon/.m2/repository/org/neo4j/neo4j-graph-algo/2.2.5/neo4j-graph-algo-2.2.5.jar
2016-07-24 21:06:14.834+0000 INFO  [o.n.k.i.DiagnosticsManager]:  [classpath + loader.0] file:/home/fodon/.m2/repository/org/parboiled/parboiled-core/1.1.7/parboiled-core-1.1.7.jar
2016-07-24 21:06:14.834+0000 INFO  [o.n.k.i.DiagnosticsManager]:  [classpath + loader.0] file:/home/fodon/.m2/repository/net/sf/opencsv/opencsv/2.3/opencsv-2.3.jar
2016-07-24 21:06:14.834+0000 INFO  [o.n.k.i.DiagnosticsManager]:  [classpath + loader.0] file:/home/fodon/.m2/repository/org/neo4j/neo4j-cypher/2.2.5/neo4j-cypher-2.2.5.jar
2016-07-24 21:06:14.834+0000 INFO  [o.n.k.i.DiagnosticsManager]:  [classpath + loader.0] file:/home/fodon/.m2/repository/org/springframework/spring-expression/4.2.7.RELEASE/spring-expression-4.2.7.RELEASE.jar
2016-07-24 21:06:14.834+0000 INFO  [o.n.k.i.DiagnosticsManager]:  [loader.1] file:/usr/lib/jvm/java-8-oracle/jre/lib/ext/zipfs.jar
2016-07-24 21:06:14.834+0000 INFO  [o.n.k.i.DiagnosticsManager]:  [loader.1] file:/usr/lib/jvm/java-8-oracle/jre/lib/ext/jfxrt.jar
2016-07-24 21:06:14.834+0000 INFO  [o.n.k.i.DiagnosticsManager]:  [bootstrap] /usr/lib/jvm/java-8-oracle/jre/lib/jce.jar
2016-07-24 21:06:14.834+0000 INFO  [o.n.k.i.DiagnosticsManager]:  [classpath + loader.0] file:/home/fodon/.m2/repository/org/neo4j/neo4j-cypher-compiler-2.2/2.2.5/neo4j-cypher-compiler-2.2-2.2.5.jar
2016-07-24 21:06:14.834+0000 INFO  [o.n.k.i.DiagnosticsManager]:  [classpath + loader.0] file:/home/fodon/.m2/repository/org/parboiled/parboiled-scala_2.10/1.1.7/parboiled-scala_2.10-1.1.7.jar
2016-07-24 21:06:14.834+0000 INFO  [o.n.k.i.DiagnosticsManager]:  [classpath + loader.0] file:/home/fodon/.m2/repository/org/slf4j/jcl-over-slf4j/1.7.21/jcl-over-slf4j-1.7.21.jar
2016-07-24 21:06:14.834+0000 INFO  [o.n.k.i.DiagnosticsManager]:  [classpath + loader.0] file:/home/fodon/.m2/repository/org/jboss/logging/jboss-logging/3.3.0.Final/jboss-logging-3.3.0.Final.jar
2016-07-24 21:06:14.834+0000 INFO  [o.n.k.i.DiagnosticsManager]:  [classpath + loader.0] file:/home/fodon/.m2/repository/org/springframework/spring-tx/4.2.7.RELEASE/spring-tx-4.2.7.RELEASE.jar
2016-07-24 21:06:14.834+0000 INFO  [o.n.k.i.DiagnosticsManager]:  [loader.1] file:/usr/lib/jvm/java-8-oracle/jre/lib/ext/jaccess.jar
2016-07-24 21:06:14.834+0000 INFO  [o.n.k.i.DiagnosticsManager]:  [classpath + loader.0] file:/home/fodon/.m2/repository/org/springframework/spring-aop/4.2.7.RELEASE/spring-aop-4.2.7.RELEASE.jar
2016-07-24 21:06:14.834+0000 INFO  [o.n.k.i.DiagnosticsManager]:  [bootstrap] /usr/lib/jvm/java-8-oracle/jre/lib/jfr.jar
2016-07-24 21:06:14.834+0000 INFO  [o.n.k.i.DiagnosticsManager]:  [classpath + loader.0] file:/home/fodon/.m2/repository/org/slf4j/slf4j-api/1.7.21/slf4j-api-1.7.21.jar
2016-07-24 21:06:14.834+0000 INFO  [o.n.k.i.DiagnosticsManager]:  [loader.1] file:/usr/lib/jvm/java-8-oracle/jre/lib/ext/sunpkcs11.jar
2016-07-24 21:06:14.834+0000 INFO  [o.n.k.i.DiagnosticsManager]:  [classpath + loader.0] file:/home/fodon/.m2/repository/org/neo4j/neo4j-lucene-index/2.2.5/neo4j-lucene-index-2.2.5.jar
2016-07-24 21:06:14.834+0000 INFO  [o.n.k.i.DiagnosticsManager]:  [classpath + loader.0] file:/home/fodon/.m2/repository/org/yaml/snakeyaml/1.16/snakeyaml-1.16.jar
2016-07-24 21:06:14.835+0000 INFO  [o.n.k.i.DiagnosticsManager]:  [classpath + loader.0] file:/home/fodon/.m2/repository/org/neo4j/neo4j-csv/2.2.5/neo4j-csv-2.2.5.jar
2016-07-24 21:06:14.835+0000 INFO  [o.n.k.i.DiagnosticsManager]:  [classpath + loader.0] file:/home/fodon/.m2/repository/aopalliance/aopalliance/1.0/aopalliance-1.0.jar
2016-07-24 21:06:14.835+0000 INFO  [o.n.k.i.DiagnosticsManager]:  [classpath + loader.0] file:/home/fodon/.m2/repository/org/aspectj/aspectjweaver/1.8.9/aspectjweaver-1.8.9.jar
2016-07-24 21:06:14.835+0000 INFO  [o.n.k.i.DiagnosticsManager]:  [classpath + loader.0] file:/home/fodon/.m2/repository/org/springframework/data/spring-data-neo4j/3.4.4.RELEASE/spring-data-neo4j-3.4.4.RELEASE.jar
2016-07-24 21:06:14.835+0000 INFO  [o.n.k.i.DiagnosticsManager]:  [classpath + loader.0] file:/home/fodon/.m2/repository/org/neo4j/neo4j-cypher-compiler-1.9/2.0.4/neo4j-cypher-compiler-1.9-2.0.4.jar
2016-07-24 21:06:14.835+0000 INFO  [o.n.k.i.DiagnosticsManager]:  [classpath + loader.0] file:/home/fodon/.m2/repository/org/springframework/spring-core/4.2.7.RELEASE/spring-core-4.2.7.RELEASE.jar
2016-07-24 21:06:14.835+0000 INFO  [o.n.k.i.DiagnosticsManager]:  [bootstrap] /usr/lib/jvm/java-8-oracle/jre/lib/rt.jar
2016-07-24 21:06:14.835+0000 INFO  [o.n.k.i.DiagnosticsManager]:  [classpath + loader.0] file:/home/fodon/.m2/repository/org/scala-lang/scala-library/2.10.5/scala-library-2.10.5.jar
2016-07-24 21:06:14.835+0000 INFO  [o.n.k.i.DiagnosticsManager]:  [classpath + loader.0] file:/home/fodon/.m2/repository/org/springframework/data/spring-data-commons/1.11.4.RELEASE/spring-data-commons-1.11.4.RELEASE.jar
2016-07-24 21:06:14.835+0000 INFO  [o.n.k.i.DiagnosticsManager]:  [bootstrap] /usr/lib/jvm/java-8-oracle/jre/lib/jsse.jar
2016-07-24 21:06:14.835+0000 INFO  [o.n.k.i.DiagnosticsManager]:  [classpath + loader.0] file:/home/fodon/.m2/repository/com/googlecode/concurrentlinkedhashmap/concurrentlinkedhashmap-lru/1.4/concurrentlinkedhashmap-lru-1.4.jar
2016-07-24 21:06:14.835+0000 INFO  [o.n.k.i.DiagnosticsManager]:  [loader.1] file:/usr/lib/jvm/java-8-oracle/jre/lib/ext/cldrdata.jar
2016-07-24 21:06:14.835+0000 INFO  [o.n.k.i.DiagnosticsManager]:  [classpath + loader.0] file:/home/fodon/.m2/repository/org/neo4j/neo4j-udc/2.2.5/neo4j-udc-2.2.5.jar
2016-07-24 21:06:14.835+0000 INFO  [o.n.k.i.DiagnosticsManager]:  [classpath + loader.0] file:/home/fodon/.m2/repository/com/fasterxml/classmate/1.1.0/classmate-1.1.0.jar
2016-07-24 21:06:14.835+0000 INFO  [o.n.k.i.DiagnosticsManager]:  [loader.1] file:/usr/lib/jvm/java-8-oracle/jre/lib/ext/sunec.jar
2016-07-24 21:06:14.835+0000 INFO  [o.n.k.i.DiagnosticsManager]:  [bootstrap] /usr/lib/jvm/java-8-oracle/jre/lib/charsets.jar
2016-07-24 21:06:14.835+0000 INFO  [o.n.k.i.DiagnosticsManager]:  [classpath + loader.0] file:/home/fodon/.m2/repository/org/neo4j/neo4j-cypher-compiler-2.0/2.0.4/neo4j-cypher-compiler-2.0-2.0.4.jar
2016-07-24 21:06:14.835+0000 INFO  [o.n.k.i.DiagnosticsManager]:  [classpath + loader.0] file:/home/fodon/.m2/repository/org/springframework/boot/spring-boot-starter-logging/1.3.6.RELEASE/spring-boot-starter-logging-1.3.6.RELEASE.jar
2016-07-24 21:06:14.835+0000 INFO  [o.n.k.i.DiagnosticsManager]:  [classpath + loader.0] file:/home/fodon/.m2/repository/commons-io/commons-io/2.4/commons-io-2.4.jar
2016-07-24 21:06:14.835+0000 INFO  [o.n.k.i.DiagnosticsManager]:  [classpath + loader.0] file:/home/fodon/.m2/repository/javax/validation/validation-api/1.1.0.Final/validation-api-1.1.0.Final.jar
2016-07-24 21:06:14.835+0000 INFO  [o.n.k.i.DiagnosticsManager]:  [classpath + loader.0] file:/home/fodon/git/workspace/gs-accessing-data-neo4j-master/complete/target/classes/
2016-07-24 21:06:14.835+0000 INFO  [o.n.k.i.DiagnosticsManager]:  [classpath + loader.0] file:/home/fodon/.m2/repository/org/neo4j/neo4j-cypher-dsl/2.0.1/neo4j-cypher-dsl-2.0.1.jar
2016-07-24 21:06:14.836+0000 INFO  [o.n.k.i.DiagnosticsManager]:  [classpath + loader.0] file:/home/fodon/.m2/repository/org/neo4j/neo4j-consistency-check/2.2.5/neo4j-consistency-check-2.2.5.jar
2016-07-24 21:06:14.836+0000 INFO  [o.n.k.i.DiagnosticsManager]:  [classpath + loader.0] file:/home/fodon/.m2/repository/javax/transaction/javax.transaction-api/1.2/javax.transaction-api-1.2.jar
2016-07-24 21:06:14.836+0000 INFO  [o.n.k.i.DiagnosticsManager]:  [classpath + loader.0] file:/home/fodon/.m2/repository/org/neo4j/neo4j-primitive-collections/2.2.5/neo4j-primitive-collections-2.2.5.jar
2016-07-24 21:06:14.836+0000 INFO  [o.n.k.i.DiagnosticsManager]:  [classpath + loader.0] file:/home/fodon/.m2/repository/org/neo4j/neo4j-graph-matching/2.2.5/neo4j-graph-matching-2.2.5.jar
2016-07-24 21:06:14.836+0000 INFO  [o.n.k.i.DiagnosticsManager]:  [classpath + loader.0] file:/home/fodon/.m2/repository/org/neo4j/neo4j-io/2.2.5/neo4j-io-2.2.5.jar
2016-07-24 21:06:14.836+0000 INFO  [o.n.k.i.DiagnosticsManager]:  [loader.1] file:/usr/lib/jvm/java-8-oracle/jre/lib/ext/sunjce_provider.jar
2016-07-24 21:06:14.836+0000 INFO  [o.n.k.i.DiagnosticsManager]:  [classpath + loader.0] file:/home/fodon/.m2/repository/org/springframework/boot/spring-boot-autoconfigure/1.3.6.RELEASE/spring-boot-autoconfigure-1.3.6.RELEASE.jar
2016-07-24 21:06:14.836+0000 INFO  [o.n.k.i.DiagnosticsManager]:  [classpath + loader.0] file:/home/fodon/.m2/repository/org/hibernate/hibernate-validator/5.2.4.Final/hibernate-validator-5.2.4.Final.jar
2016-07-24 21:06:14.836+0000 INFO  [o.n.k.i.DiagnosticsManager]:  [bootstrap] /usr/lib/jvm/java-8-oracle/jre/classes
2016-07-24 21:06:14.836+0000 INFO  [o.n.k.i.DiagnosticsManager]:  [classpath + loader.0] file:/home/fodon/.m2/repository/org/neo4j/neo4j-kernel/2.2.5/neo4j-kernel-2.2.5.jar
2016-07-24 21:06:14.836+0000 INFO  [o.n.k.i.DiagnosticsManager]:  [classpath + loader.0] file:/home/fodon/.m2/repository/org/scala-lang/scala-reflect/2.10.5/scala-reflect-2.10.5.jar
2016-07-24 21:06:14.836+0000 INFO  [o.n.k.i.DiagnosticsManager]:  [classpath + loader.0] file:/home/fodon/.m2/repository/org/springframework/spring-context/4.2.7.RELEASE/spring-context-4.2.7.RELEASE.jar
2016-07-24 21:06:14.836+0000 INFO  [o.n.k.i.DiagnosticsManager]:  [classpath + loader.0] file:/home/fodon/.m2/repository/org/springframework/spring-beans/4.2.7.RELEASE/spring-beans-4.2.7.RELEASE.jar
2016-07-24 21:06:14.836+0000 INFO  [o.n.k.i.DiagnosticsManager]:  [classpath + loader.0] file:/home/fodon/.m2/repository/org/springframework/spring-aspects/4.2.7.RELEASE/spring-aspects-4.2.7.RELEASE.jar
2016-07-24 21:06:14.837+0000 INFO  [o.n.k.i.DiagnosticsManager]:  [loader.1] file:/usr/lib/jvm/java-8-oracle/jre/lib/ext/nashorn.jar
2016-07-24 21:06:14.837+0000 INFO  [o.n.k.i.DiagnosticsManager]:  [classpath + loader.0] file:/home/fodon/.m2/repository/org/slf4j/log4j-over-slf4j/1.7.21/log4j-over-slf4j-1.7.21.jar
2016-07-24 21:06:14.837+0000 INFO  [o.n.k.i.DiagnosticsManager]:  [loader.1] file:/usr/lib/jvm/java-8-oracle/jre/lib/ext/dnsns.jar
2016-07-24 21:06:14.837+0000 INFO  [o.n.k.i.DiagnosticsManager]:  [classpath + loader.0] file:/home/fodon/.m2/repository/org/aspectj/aspectjrt/1.8.9/aspectjrt-1.8.9.jar
2016-07-24 21:06:14.837+0000 INFO  [o.n.k.i.DiagnosticsManager]:  [classpath + loader.0] file:/home/fodon/.m2/repository/org/apache/lucene/lucene-core/3.6.2/lucene-core-3.6.2.jar
2016-07-24 21:06:14.837+0000 INFO  [o.n.k.i.DiagnosticsManager]:  [classpath + loader.0] file:/home/fodon/.m2/repository/org/neo4j/neo4j-jmx/2.2.5/neo4j-jmx-2.2.5.jar
2016-07-24 21:06:14.837+0000 INFO  [o.n.k.i.DiagnosticsManager]:  [classpath + loader.0] file:/home/fodon/.m2/repository/org/springframework/boot/spring-boot/1.3.6.RELEASE/spring-boot-1.3.6.RELEASE.jar
2016-07-24 21:06:14.837+0000 INFO  [o.n.k.i.DiagnosticsManager]:  [bootstrap] /usr/lib/jvm/java-8-oracle/jre/lib/sunrsasign.jar
2016-07-24 21:06:14.837+0000 INFO  [o.n.k.i.DiagnosticsManager]:  [classpath + loader.0] file:/home/fodon/.m2/repository/org/springframework/boot/spring-boot-starter/1.3.6.RELEASE/spring-boot-starter-1.3.6.RELEASE.jar
2016-07-24 21:06:14.837+0000 INFO  [o.n.k.i.DiagnosticsManager]:  [bootstrap] /usr/lib/jvm/java-8-oracle/jre/lib/resources.jar
2016-07-24 21:06:14.837+0000 INFO  [o.n.k.i.DiagnosticsManager]:  [classpath + loader.0] file:/home/fodon/.m2/repository/org/slf4j/jul-to-slf4j/1.7.21/jul-to-slf4j-1.7.21.jar
2016-07-24 21:06:14.837+0000 INFO  [o.n.k.i.DiagnosticsManager]:  [loader.1] file:/usr/lib/jvm/java-8-oracle/jre/lib/ext/localedata.jar
2016-07-24 21:06:14.837+0000 INFO  [o.n.k.i.DiagnosticsManager]:  [classpath + loader.0] file:/home/fodon/.m2/repository/org/neo4j/neo4j/2.2.5/neo4j-2.2.5.jar
2016-07-24 21:06:14.837+0000 INFO  [o.n.k.i.DiagnosticsManager]:  [classpath + loader.0] file:/home/fodon/.m2/repository/org/neo4j/neo4j-unsafe/2.2.5/neo4j-unsafe-2.2.5.jar
2016-07-24 21:06:14.837+0000 INFO  [o.n.k.i.DiagnosticsManager]:  [classpath + loader.0] file:/home/fodon/.m2/repository/ch/qos/logback/logback-classic/1.1.7/logback-classic-1.1.7.jar
2016-07-24 21:06:14.837+0000 INFO  [o.n.k.i.DiagnosticsManager]:  [classpath + loader.0] file:/home/fodon/.m2/repository/ch/qos/logback/logback-core/1.1.7/logback-core-1.1.7.jar
2016-07-24 21:06:14.838+0000 INFO  [o.n.k.i.DiagnosticsManager]:  [classpath + loader.0] file:/home/fodon/.m2/repository/org/neo4j/neo4j-cypher-compiler-2.1/2.1.8/neo4j-cypher-compiler-2.1-2.1.8.jar
2016-07-24 21:06:14.838+0000 INFO  [o.n.k.i.DiagnosticsManager]: Library path:
2016-07-24 21:06:14.838+0000 INFO  [o.n.k.i.DiagnosticsManager]: /usr/lib/jvm/java-8-oracle/jre/lib/amd64
2016-07-24 21:06:14.838+0000 INFO  [o.n.k.i.DiagnosticsManager]: /usr/lib/jvm/java-8-oracle/jre/lib/i386
2016-07-24 21:06:14.838+0000 INFO  [o.n.k.i.DiagnosticsManager]: /home/fodon/git/workspace/gs-accessing-data-neo4j-master/complete
2016-07-24 21:06:14.838+0000 INFO  [o.n.k.i.DiagnosticsManager]: /usr/java/packages/lib/amd64
2016-07-24 21:06:14.838+0000 INFO  [o.n.k.i.DiagnosticsManager]: /usr/lib64
2016-07-24 21:06:14.839+0000 INFO  [o.n.k.i.DiagnosticsManager]: /lib64
2016-07-24 21:06:14.839+0000 INFO  [o.n.k.i.DiagnosticsManager]: /lib
2016-07-24 21:06:14.839+0000 INFO  [o.n.k.i.DiagnosticsManager]: /usr/lib
2016-07-24 21:06:14.839+0000 INFO  [o.n.k.i.DiagnosticsManager]: System.properties:
2016-07-24 21:06:14.840+0000 INFO  [o.n.k.i.DiagnosticsManager]: sun.boot.library.path = /usr/lib/jvm/java-8-oracle/jre/lib/amd64
2016-07-24 21:06:14.840+0000 INFO  [o.n.k.i.DiagnosticsManager]: path.separator = :
2016-07-24 21:06:14.840+0000 INFO  [o.n.k.i.DiagnosticsManager]: file.encoding.pkg = sun.io
2016-07-24 21:06:14.840+0000 INFO  [o.n.k.i.DiagnosticsManager]: user.country = US
2016-07-24 21:06:14.840+0000 INFO  [o.n.k.i.DiagnosticsManager]: sun.java.launcher = SUN_STANDARD
2016-07-24 21:06:14.840+0000 INFO  [o.n.k.i.DiagnosticsManager]: sun.os.patch.level = unknown
2016-07-24 21:06:14.841+0000 INFO  [o.n.k.i.DiagnosticsManager]: PID = 10115
2016-07-24 21:06:14.841+0000 INFO  [o.n.k.i.DiagnosticsManager]: user.dir = /home/fodon/git/workspace/gs-accessing-data-neo4j-master/complete
2016-07-24 21:06:14.841+0000 INFO  [o.n.k.i.DiagnosticsManager]: org.jboss.logging.provider = slf4j
2016-07-24 21:06:14.841+0000 INFO  [o.n.k.i.DiagnosticsManager]: sun.jnu.encoding = UTF-8
2016-07-24 21:06:14.841+0000 INFO  [o.n.k.i.DiagnosticsManager]: spring.beaninfo.ignore = true
2016-07-24 21:06:14.841+0000 INFO  [o.n.k.i.DiagnosticsManager]: sun.management.compiler = HotSpot 64-Bit Tiered Compilers
2016-07-24 21:06:14.841+0000 INFO  [o.n.k.i.DiagnosticsManager]: user.home = /home/fodon
2016-07-24 21:06:14.841+0000 INFO  [o.n.k.i.DiagnosticsManager]: user.timezone = America/Los_Angeles
2016-07-24 21:06:14.841+0000 INFO  [o.n.k.i.DiagnosticsManager]: file.encoding = UTF-8
2016-07-24 21:06:14.841+0000 INFO  [o.n.k.i.DiagnosticsManager]: user.name = fodon
2016-07-24 21:06:14.841+0000 INFO  [o.n.k.i.DiagnosticsManager]: sun.java.command = hello.Application
2016-07-24 21:06:14.841+0000 INFO  [o.n.k.i.DiagnosticsManager]: sun.arch.data.model = 64
2016-07-24 21:06:14.841+0000 INFO  [o.n.k.i.DiagnosticsManager]: user.language = en
2016-07-24 21:06:14.841+0000 INFO  [o.n.k.i.DiagnosticsManager]: awt.toolkit = sun.awt.X11.XToolkit
2016-07-24 21:06:14.841+0000 INFO  [o.n.k.i.DiagnosticsManager]: file.separator = /
2016-07-24 21:06:14.841+0000 INFO  [o.n.k.i.DiagnosticsManager]: sun.io.unicode.encoding = UnicodeLittle
2016-07-24 21:06:14.841+0000 INFO  [o.n.k.i.DiagnosticsManager]: sun.cpu.endian = little
2016-07-24 21:06:14.841+0000 INFO  [o.n.k.i.DiagnosticsManager]: sun.cpu.isalist = 
2016-07-24 21:06:14.842+0000 INFO  [o.n.k.i.DiagnosticsManager]: Linux scheduler information:
2016-07-24 21:06:14.844+0000 INFO  [o.n.k.i.DiagnosticsManager]: noop deadline [cfq] 
2016-07-24 21:06:14.844+0000 INFO  [o.n.k.i.DiagnosticsManager]: noop deadline [cfq] 
2016-07-24 21:06:14.844+0000 INFO  [o.n.k.i.DiagnosticsManager]: noop deadline [cfq] 
2016-07-24 21:06:14.844+0000 INFO  [o.n.k.i.DiagnosticsManager]: noop deadline [cfq] 
2016-07-24 21:06:14.845+0000 INFO  [o.n.k.i.DiagnosticsManager]: noop deadline [cfq] 
2016-07-24 21:06:14.845+0000 INFO  [o.n.k.i.DiagnosticsManager]: noop deadline [cfq] 
2016-07-24 21:06:14.845+0000 INFO  [o.n.k.i.DiagnosticsManager]: noop deadline [cfq] 
2016-07-24 21:06:14.845+0000 INFO  [o.n.k.i.DiagnosticsManager]: noop [deadline] cfq 
2016-07-24 21:06:14.845+0000 INFO  [o.n.k.i.DiagnosticsManager]: none
2016-07-24 21:06:14.845+0000 INFO  [o.n.k.i.DiagnosticsManager]: none
2016-07-24 21:06:14.845+0000 INFO  [o.n.k.i.DiagnosticsManager]: none
2016-07-24 21:06:14.846+0000 INFO  [o.n.k.i.DiagnosticsManager]: none
2016-07-24 21:06:14.846+0000 INFO  [o.n.k.i.DiagnosticsManager]: none
2016-07-24 21:06:14.846+0000 INFO  [o.n.k.i.DiagnosticsManager]: none
2016-07-24 21:06:14.846+0000 INFO  [o.n.k.i.DiagnosticsManager]: none
2016-07-24 21:06:14.846+0000 INFO  [o.n.k.i.DiagnosticsManager]: none
2016-07-24 21:06:14.846+0000 INFO  [o.n.k.i.DiagnosticsManager]: none
2016-07-24 21:06:14.846+0000 INFO  [o.n.k.i.DiagnosticsManager]: none
2016-07-24 21:06:14.847+0000 INFO  [o.n.k.i.DiagnosticsManager]: none
2016-07-24 21:06:14.847+0000 INFO  [o.n.k.i.DiagnosticsManager]: none
2016-07-24 21:06:14.847+0000 INFO  [o.n.k.i.DiagnosticsManager]: none
2016-07-24 21:06:14.847+0000 INFO  [o.n.k.i.DiagnosticsManager]: none
2016-07-24 21:06:14.847+0000 INFO  [o.n.k.i.DiagnosticsManager]: none
2016-07-24 21:06:14.847+0000 INFO  [o.n.k.i.DiagnosticsManager]: none
2016-07-24 21:06:14.847+0000 INFO  [o.n.k.i.DiagnosticsManager]: none
2016-07-24 21:06:14.848+0000 INFO  [o.n.k.i.DiagnosticsManager]: none
2016-07-24 21:06:14.848+0000 INFO  [o.n.k.i.DiagnosticsManager]: none
2016-07-24 21:06:14.848+0000 INFO  [o.n.k.i.DiagnosticsManager]: none
2016-07-24 21:06:14.848+0000 INFO  [o.n.k.i.DiagnosticsManager]: none
2016-07-24 21:06:14.848+0000 INFO  [o.n.k.i.DiagnosticsManager]: none
2016-07-24 21:06:14.848+0000 INFO  [o.n.k.i.DiagnosticsManager]: none
2016-07-24 21:06:14.848+0000 INFO  [o.n.k.i.DiagnosticsManager]: none
2016-07-24 21:06:14.849+0000 INFO  [o.n.k.i.DiagnosticsManager]: Network information:
2016-07-24 21:06:14.863+0000 INFO  [o.n.k.i.DiagnosticsManager]: Interface eth0:
2016-07-24 21:06:14.864+0000 INFO  [o.n.k.i.DiagnosticsManager]:     address: 192.168.1.5
2016-07-24 21:06:14.864+0000 INFO  [o.n.k.i.DiagnosticsManager]: Interface lo:
2016-07-24 21:06:14.864+0000 INFO  [o.n.k.i.DiagnosticsManager]:     address: 127.0.0.1
2016-07-24 21:06:14.864+0000 INFO  [o.n.k.i.DiagnosticsManager]: --- INITIALIZED diagnostics END ---
2016-07-24 21:06:15.763+0000 INFO  [o.n.k.i.s.StoreFactory]: Creating new db @ neo.db/neostore
2016-07-24 21:06:26.698+0000 INFO  [o.n.k.a.i.i.LuceneLabelScanStore]: No lucene scan store index found, this might just be first use. Preparing to rebuild.
2016-07-24 21:06:26.718+0000 INFO  [o.n.k.a.i.i.LuceneLabelScanStore]: No lucene scan store index found, this might just be first use. Preparing to rebuild.
2016-07-24 21:06:26.938+0000 INFO  [o.n.k.NeoStoreDataSource]: Opened logical log [neo.db/neostore.transaction.db.0] version=0, lastTxId=1 (clean)
2016-07-24 21:06:26.944+0000 WARN  [o.n.k.i.s.StoreFactory]: Missing counts store, rebuilding it.
2016-07-24 21:06:27.447+0000 INFO  [o.n.k.a.i.i.LuceneLabelScanStore]: Rebuilding lucene scan store, this may take a while
2016-07-24 21:06:27.449+0000 INFO  [o.n.k.a.i.i.LuceneLabelScanStore]: Lucene scan store rebuilt (roughly -1 nodes)
2016-07-24 21:06:27.456+0000 INFO  [o.n.k.KernelHealth]: Kernel health set to OK
2016-07-24 21:06:29.116+0000 INFO  [o.n.k.i.DiagnosticsManager]: --- STARTED diagnostics for KernelDiagnostics:Versions START ---
2016-07-24 21:06:29.116+0000 INFO  [o.n.k.i.DiagnosticsManager]: Graph Database: org.neo4j.kernel.EmbeddedGraphDatabase StoreId{creationTime=1469394375748, randomId=-7199130293245884309, storeVersion=14969031248344582, upgradeTime=1469394375748, upgradeId=1}
2016-07-24 21:06:29.116+0000 INFO  [o.n.k.i.DiagnosticsManager]: Kernel version: Neo4j - Graph Database Kernel (neo4j-kernel), version: 2.2.5
2016-07-24 21:06:29.116+0000 INFO  [o.n.k.i.DiagnosticsManager]: Neo4j component versions:
2016-07-24 21:06:29.121+0000 INFO  [o.n.k.i.DiagnosticsManager]:   Neo4j - Cypher Compiler 1.9 (neo4j-cypher-compiler-1.9), version: 2.0.4; revision: 2.0.4:2.0-maint:130/4a7d10bc274a5d26a180bbe9df25100e8a694748
2016-07-24 21:06:29.121+0000 INFO  [o.n.k.i.DiagnosticsManager]:   Neo4j - Cypher Compiler 2.2 (neo4j-cypher-compiler-2.2), version: 2.2.5; revision: 2.2.5:2.2:151/cf9c7fe724d193d2d54c55eb0c82cc9036fc05d6-dirty
2016-07-24 21:06:29.121+0000 INFO  [o.n.k.i.DiagnosticsManager]:   Neo4j - Consistency Checker (neo4j-consistency-check), version: 2.2.5; revision: 2.2.5:2.2:151/cf9c7fe724d193d2d54c55eb0c82cc9036fc05d6-dirty
2016-07-24 21:06:29.121+0000 INFO  [o.n.k.i.DiagnosticsManager]:   Neo4j - Graph Database Kernel (neo4j-kernel), version: 2.2.5; revision: 2.2.5:2.2:151/cf9c7fe724d193d2d54c55eb0c82cc9036fc05d6-dirty
2016-07-24 21:06:29.122+0000 INFO  [o.n.k.i.DiagnosticsManager]:   Neo4j - Cypher Compiler 2.1 (neo4j-cypher-compiler-2.1), version: 2.1.8; revision: 2.1.8:2.1-maint:687/5c83ce3a5ddf33259593f719153ce71a6fe89fc7
2016-07-24 21:06:29.122+0000 INFO  [o.n.k.i.DiagnosticsManager]:   Neo4j - Community (neo4j), version: 2.2.5; revision: 2.2.5:2.2:151/cf9c7fe724d193d2d54c55eb0c82cc9036fc05d6-dirty
2016-07-24 21:06:29.122+0000 INFO  [o.n.k.i.DiagnosticsManager]:   neo4j-udc, version: 2.2.5; revision: 2.2.5:2.2:151/cf9c7fe724d193d2d54c55eb0c82cc9036fc05d6-dirty
2016-07-24 21:06:29.122+0000 INFO  [o.n.k.i.DiagnosticsManager]:   Neo4j - Lucene Index (neo4j-lucene-index), version: 2.2.5; revision: 2.2.5:2.2:151/cf9c7fe724d193d2d54c55eb0c82cc9036fc05d6-dirty
2016-07-24 21:06:29.122+0000 INFO  [o.n.k.i.DiagnosticsManager]:   Neo4j - Cypher Compiler 2.0 (neo4j-cypher-compiler-2.0), version: 2.0.4; revision: 2.0.4:2.0-maint:130/4a7d10bc274a5d26a180bbe9df25100e8a694748
2016-07-24 21:06:29.122+0000 INFO  [o.n.k.i.DiagnosticsManager]:   Neo4j - Graph Matching (neo4j-graph-matching), version: 2.2.5; revision: 2.2.5:2.2:151/cf9c7fe724d193d2d54c55eb0c82cc9036fc05d6-dirty
2016-07-24 21:06:29.122+0000 INFO  [o.n.k.i.DiagnosticsManager]:   Neo4j - JMX support (neo4j-jmx), version: 2.2.5; revision: 2.2.5:2.2:151/cf9c7fe724d193d2d54c55eb0c82cc9036fc05d6-dirty
2016-07-24 21:06:29.122+0000 INFO  [o.n.k.i.DiagnosticsManager]:   Neo4j - Cypher (neo4j-cypher), version: 2.2.5; revision: 2.2.5:2.2:151/cf9c7fe724d193d2d54c55eb0c82cc9036fc05d6-dirty
2016-07-24 21:06:29.122+0000 INFO  [o.n.k.i.DiagnosticsManager]:   Neo4j - Graph Algorithms (neo4j-graph-algo), version: 2.2.5; revision: 2.2.5:2.2:151/cf9c7fe724d193d2d54c55eb0c82cc9036fc05d6-dirty
2016-07-24 21:06:29.122+0000 INFO  [o.n.k.i.DiagnosticsManager]: --- STARTED diagnostics for KernelDiagnostics:Versions END ---
2016-07-24 21:06:29.124+0000 INFO  [o.n.k.i.DiagnosticsManager]: --- STARTED diagnostics for NEO_STORE_VERSIONS START ---
2016-07-24 21:06:29.126+0000 INFO  [o.n.k.i.DiagnosticsManager]: Store versions:
2016-07-24 21:06:29.126+0000 INFO  [o.n.k.i.DiagnosticsManager]: Store versions:
2016-07-24 21:06:29.126+0000 INFO  [o.n.k.i.DiagnosticsManager]:   NeoStore v0.A.5
2016-07-24 21:06:29.126+0000 INFO  [o.n.k.i.DiagnosticsManager]:   SchemaStore v0.A.5
2016-07-24 21:06:29.126+0000 INFO  [o.n.k.i.DiagnosticsManager]:   NodeStore v0.A.5
2016-07-24 21:06:29.126+0000 INFO  [o.n.k.i.DiagnosticsManager]:   RelationshipStore v0.A.5
2016-07-24 21:06:29.126+0000 INFO  [o.n.k.i.DiagnosticsManager]:   RelationshipTypeStore v0.A.5
2016-07-24 21:06:29.126+0000 INFO  [o.n.k.i.DiagnosticsManager]:   LabelTokenStore v0.A.5
2016-07-24 21:06:29.126+0000 INFO  [o.n.k.i.DiagnosticsManager]:   PropertyStore v0.A.5
2016-07-24 21:06:29.126+0000 INFO  [o.n.k.i.DiagnosticsManager]:   PropertyIndexStore v0.A.5
2016-07-24 21:06:29.127+0000 INFO  [o.n.k.i.DiagnosticsManager]:   StringPropertyStore v0.A.5
2016-07-24 21:06:29.127+0000 INFO  [o.n.k.i.DiagnosticsManager]:   ArrayPropertyStore v0.A.5
2016-07-24 21:06:29.127+0000 INFO  [o.n.k.i.DiagnosticsManager]:   RelationshipGroupStore v0.A.5
2016-07-24 21:06:29.127+0000 INFO  [o.n.k.i.DiagnosticsManager]: --- STARTED diagnostics for NEO_STORE_VERSIONS END ---
2016-07-24 21:06:29.127+0000 INFO  [o.n.k.i.DiagnosticsManager]: --- STARTED diagnostics for NEO_STORE_ID_USAGE START ---
2016-07-24 21:06:29.127+0000 INFO  [o.n.k.i.DiagnosticsManager]: Id usage:
2016-07-24 21:06:29.127+0000 INFO  [o.n.k.i.DiagnosticsManager]: Id usage:
2016-07-24 21:06:29.127+0000 INFO  [o.n.k.i.DiagnosticsManager]:   SchemaStore: used=1 high=0
2016-07-24 21:06:29.127+0000 INFO  [o.n.k.i.DiagnosticsManager]:   NodeStore: used=0 high=-1
2016-07-24 21:06:29.127+0000 INFO  [o.n.k.i.DiagnosticsManager]:   RelationshipStore: used=0 high=-1
2016-07-24 21:06:29.127+0000 INFO  [o.n.k.i.DiagnosticsManager]:   RelationshipTypeStore: used=0 high=-1
2016-07-24 21:06:29.128+0000 INFO  [o.n.k.i.DiagnosticsManager]:   LabelTokenStore: used=0 high=-1
2016-07-24 21:06:29.128+0000 INFO  [o.n.k.i.DiagnosticsManager]:   PropertyStore: used=0 high=-1
2016-07-24 21:06:29.128+0000 INFO  [o.n.k.i.DiagnosticsManager]:   PropertyIndexStore: used=0 high=-1
2016-07-24 21:06:29.128+0000 INFO  [o.n.k.i.DiagnosticsManager]:   StringPropertyStore: used=1 high=0
2016-07-24 21:06:29.128+0000 INFO  [o.n.k.i.DiagnosticsManager]:   ArrayPropertyStore: used=1 high=0
2016-07-24 21:06:29.128+0000 INFO  [o.n.k.i.DiagnosticsManager]:   RelationshipGroupStore: used=1 high=0
2016-07-24 21:06:29.128+0000 INFO  [o.n.k.i.DiagnosticsManager]: --- STARTED diagnostics for NEO_STORE_ID_USAGE END ---
2016-07-24 21:06:29.129+0000 INFO  [o.n.k.i.DiagnosticsManager]: --- STARTED diagnostics for KernelDiagnostics:StoreFiles START ---
2016-07-24 21:06:29.129+0000 INFO  [o.n.k.i.DiagnosticsManager]: Disk space on partition (Total / Free / Free %): 512250056704 / 88968511488 / 17
Storage files: (filename : modification date - size)
2016-07-24 21:06:29.130+0000 INFO  [o.n.k.i.DiagnosticsManager]:   index:
2016-07-24 21:06:29.131+0000 INFO  [o.n.k.i.DiagnosticsManager]:   - Total: 2016-07-24T14:06:26-0700 - 0.00 B
2016-07-24 21:06:29.131+0000 INFO  [o.n.k.i.DiagnosticsManager]:   lock: 2016-07-24T14:06:25-0700 - 0.00 B
2016-07-24 21:06:29.132+0000 INFO  [o.n.k.i.DiagnosticsManager]:   messages.log: 2016-07-24T14:06:29-0700 - 30.91 kB
2016-07-24 21:06:29.132+0000 INFO  [o.n.k.i.DiagnosticsManager]:   neostore: 2016-07-24T14:06:25-0700 - 99.00 B
2016-07-24 21:06:29.137+0000 INFO  [o.n.k.i.DiagnosticsManager]:   neostore.counts.db.a: 2016-07-24T14:06:27-0700 - 114.00 B
2016-07-24 21:06:29.138+0000 INFO  [o.n.k.i.DiagnosticsManager]:   neostore.id: 2016-07-24T14:06:25-0700 - 9.00 B
2016-07-24 21:06:29.138+0000 INFO  [o.n.k.i.DiagnosticsManager]:   neostore.labeltokenstore.db: 2016-07-24T14:06:25-0700 - 0.00 B
2016-07-24 21:06:29.138+0000 INFO  [o.n.k.i.DiagnosticsManager]:   neostore.labeltokenstore.db.id: 2016-07-24T14:06:25-0700 - 9.00 B
2016-07-24 21:06:29.138+0000 INFO  [o.n.k.i.DiagnosticsManager]:   neostore.labeltokenstore.db.names: 2016-07-24T14:06:25-0700 - 38.00 B
2016-07-24 21:06:29.139+0000 INFO  [o.n.k.i.DiagnosticsManager]:   neostore.labeltokenstore.db.names.id: 2016-07-24T14:06:25-0700 - 9.00 B
2016-07-24 21:06:29.139+0000 INFO  [o.n.k.i.DiagnosticsManager]:   neostore.nodestore.db: 2016-07-24T14:06:25-0700 - 0.00 B
2016-07-24 21:06:29.139+0000 INFO  [o.n.k.i.DiagnosticsManager]:   neostore.nodestore.db.id: 2016-07-24T14:06:25-0700 - 9.00 B
2016-07-24 21:06:29.139+0000 INFO  [o.n.k.i.DiagnosticsManager]:   neostore.nodestore.db.labels: 2016-07-24T14:06:25-0700 - 68.00 B
2016-07-24 21:06:29.139+0000 INFO  [o.n.k.i.DiagnosticsManager]:   neostore.nodestore.db.labels.id: 2016-07-24T14:06:25-0700 - 9.00 B
2016-07-24 21:06:29.140+0000 INFO  [o.n.k.i.DiagnosticsManager]:   neostore.propertystore.db: 2016-07-24T14:06:25-0700 - 0.00 B
2016-07-24 21:06:29.140+0000 INFO  [o.n.k.i.DiagnosticsManager]:   neostore.propertystore.db.arrays: 2016-07-24T14:06:25-0700 - 128.00 B
2016-07-24 21:06:29.140+0000 INFO  [o.n.k.i.DiagnosticsManager]:   neostore.propertystore.db.arrays.id: 2016-07-24T14:06:25-0700 - 9.00 B
2016-07-24 21:06:29.140+0000 INFO  [o.n.k.i.DiagnosticsManager]:   neostore.propertystore.db.id: 2016-07-24T14:06:25-0700 - 9.00 B
2016-07-24 21:06:29.141+0000 INFO  [o.n.k.i.DiagnosticsManager]:   neostore.propertystore.db.index: 2016-07-24T14:06:25-0700 - 0.00 B
2016-07-24 21:06:29.141+0000 INFO  [o.n.k.i.DiagnosticsManager]:   neostore.propertystore.db.index.id: 2016-07-24T14:06:25-0700 - 9.00 B
2016-07-24 21:06:29.141+0000 INFO  [o.n.k.i.DiagnosticsManager]:   neostore.propertystore.db.index.keys: 2016-07-24T14:06:25-0700 - 38.00 B
2016-07-24 21:06:29.141+0000 INFO  [o.n.k.i.DiagnosticsManager]:   neostore.propertystore.db.index.keys.id: 2016-07-24T14:06:25-0700 - 9.00 B
2016-07-24 21:06:29.141+0000 INFO  [o.n.k.i.DiagnosticsManager]:   neostore.propertystore.db.strings: 2016-07-24T14:06:25-0700 - 128.00 B
2016-07-24 21:06:29.142+0000 INFO  [o.n.k.i.DiagnosticsManager]:   neostore.propertystore.db.strings.id: 2016-07-24T14:06:25-0700 - 9.00 B
2016-07-24 21:06:29.142+0000 INFO  [o.n.k.i.DiagnosticsManager]:   neostore.relationshipgroupstore.db: 2016-07-24T14:06:25-0700 - 25.00 B
2016-07-24 21:06:29.142+0000 INFO  [o.n.k.i.DiagnosticsManager]:   neostore.relationshipgroupstore.db.id: 2016-07-24T14:06:25-0700 - 9.00 B
2016-07-24 21:06:29.142+0000 INFO  [o.n.k.i.DiagnosticsManager]:   neostore.relationshipstore.db: 2016-07-24T14:06:25-0700 - 0.00 B
2016-07-24 21:06:29.143+0000 INFO  [o.n.k.i.DiagnosticsManager]:   neostore.relationshipstore.db.id: 2016-07-24T14:06:25-0700 - 9.00 B
2016-07-24 21:06:29.143+0000 INFO  [o.n.k.i.DiagnosticsManager]:   neostore.relationshiptypestore.db: 2016-07-24T14:06:25-0700 - 0.00 B
2016-07-24 21:06:29.143+0000 INFO  [o.n.k.i.DiagnosticsManager]:   neostore.relationshiptypestore.db.id: 2016-07-24T14:06:25-0700 - 9.00 B
2016-07-24 21:06:29.143+0000 INFO  [o.n.k.i.DiagnosticsManager]:   neostore.relationshiptypestore.db.names: 2016-07-24T14:06:25-0700 - 38.00 B
2016-07-24 21:06:29.143+0000 INFO  [o.n.k.i.DiagnosticsManager]:   neostore.relationshiptypestore.db.names.id: 2016-07-24T14:06:25-0700 - 9.00 B
2016-07-24 21:06:29.144+0000 INFO  [o.n.k.i.DiagnosticsManager]:   neostore.schemastore.db: 2016-07-24T14:06:25-0700 - 64.00 B
2016-07-24 21:06:29.144+0000 INFO  [o.n.k.i.DiagnosticsManager]:   neostore.schemastore.db.id: 2016-07-24T14:06:25-0700 - 9.00 B
2016-07-24 21:06:29.144+0000 INFO  [o.n.k.i.DiagnosticsManager]:   neostore.transaction.db.0: 2016-07-24T14:06:26-0700 - 16.00 B
2016-07-24 21:06:29.144+0000 INFO  [o.n.k.i.DiagnosticsManager]:   schema:
2016-07-24 21:06:29.144+0000 INFO  [o.n.k.i.DiagnosticsManager]:     label:
2016-07-24 21:06:29.144+0000 INFO  [o.n.k.i.DiagnosticsManager]:       lucene:
2016-07-24 21:06:29.144+0000 INFO  [o.n.k.i.DiagnosticsManager]:         write.lock: 2016-07-24T14:06:26-0700 - 0.00 B
2016-07-24 21:06:29.145+0000 INFO  [o.n.k.i.DiagnosticsManager]:       - Total: 2016-07-24T14:06:26-0700 - 0.00 B
2016-07-24 21:06:29.148+0000 INFO  [o.n.k.i.DiagnosticsManager]:     - Total: 2016-07-24T14:06:26-0700 - 0.00 B
2016-07-24 21:06:29.148+0000 INFO  [o.n.k.i.DiagnosticsManager]:   - Total: 2016-07-24T14:06:26-0700 - 0.00 B
2016-07-24 21:06:29.148+0000 INFO  [o.n.k.i.DiagnosticsManager]:   store_lock: 2016-07-24T14:06:15-0700 - 0.00 B
2016-07-24 21:06:29.148+0000 INFO  [o.n.k.i.DiagnosticsManager]: --- STARTED diagnostics for KernelDiagnostics:StoreFiles END ---
2016-07-24 21:06:29.244+0000 INFO  [o.n.k.EmbeddedGraphDatabase]: Database is now ready
2016-07-24 21:06:40.768+0000 INFO  [o.n.k.EmbeddedGraphDatabase]: Shutdown started
2016-07-24 21:06:40.769+0000 INFO  [o.n.k.EmbeddedGraphDatabase]: Database is now unavailable
2016-07-24 21:06:41.243+0000 INFO  [o.n.k.i.s.StoreFactory]: About to rotate counts store at transaction 19 to [neo.db/neostore.counts.db.b], from [neo.db/neostore.counts.db.a].
2016-07-24 21:06:41.245+0000 INFO  [o.n.k.i.s.StoreFactory]: Successfully rotated counts store at transaction 19 to [neo.db/neostore.counts.db.b], from [neo.db/neostore.counts.db.a].
2016-07-24 21:06:45.651+0000 INFO  [o.n.k.NeoStoreDataSource]: NeoStore closed
2016-07-24 21:06:45.653+0000 INFO  [o.n.k.i.DiagnosticsManager]: --- STOPPING diagnostics START ---
2016-07-24 21:06:45.653+0000 INFO  [o.n.k.i.DiagnosticsManager]: --- STOPPING diagnostics END ---
